C:\Program Files\Microsoft Visual Studio\2022\Community\MSBuild\Microsoft\VC\v170\Microsoft.CppBuild.targets(531,5): warning MSB8028: Katalog pośredni (obj\x64\Debug\game-premake-main\) zawiera pliki udostępnione z innego projektu (game-premake-main.vcxproj). Może to spowodować niepoprawne zachowanie podczas oczyszczania i ponownej kompilacji.
  SnakeHead.cpp
C:\Important shit\Raylib\game-premake-main\_build\SnakeHead.cpp(45,52): warning C4244: "argument": konwersja z "float" do "int", możliwa utrata danych
C:\Important shit\Raylib\game-premake-main\_build\SnakeHead.cpp(45,44): warning C4244: "argument": konwersja z "float" do "int", możliwa utrata danych
C:\Important shit\Raylib\game-premake-main\_build\SnakeHead.cpp(45,36): warning C4244: "argument": konwersja z "float" do "int", możliwa utrata danych
C:\Important shit\Raylib\game-premake-main\_build\SnakeHead.cpp(45,24): warning C4244: "argument": konwersja z "float" do "int", możliwa utrata danych
C:\Important shit\Raylib\game-premake-main\_build\SnakeHead.cpp(46,57): warning C4244: "argument": konwersja z "float" do "int", możliwa utrata danych
C:\Important shit\Raylib\game-premake-main\_build\SnakeHead.cpp(46,49): warning C4244: "argument": konwersja z "float" do "int", możliwa utrata danych
C:\Important shit\Raylib\game-premake-main\_build\SnakeHead.cpp(46,41): warning C4244: "argument": konwersja z "float" do "int", możliwa utrata danych
C:\Important shit\Raylib\game-premake-main\_build\SnakeHead.cpp(46,29): warning C4244: "argument": konwersja z "float" do "int", możliwa utrata danych
C:\Important shit\Raylib\game-premake-main\_build\SnakeHead.cpp(54,11): warning C4244: "argument": konwersja z "float" do "int", możliwa utrata danych
C:\Important shit\Raylib\game-premake-main\_build\SnakeHead.cpp(53,11): warning C4244: "argument": konwersja z "float" do "int", możliwa utrata danych
C:\Important shit\Raylib\game-premake-main\_build\SnakeHead.cpp(52,15): warning C4244: "argument": konwersja z "float" do "int", możliwa utrata danych
C:\Important shit\Raylib\game-premake-main\_build\SnakeHead.cpp(51,41): warning C4244: "argument": konwersja z "float" do "int", możliwa utrata danych
C:\Important shit\Raylib\game-premake-main\_build\SnakeHead.cpp(59,11): warning C4244: "argument": konwersja z "float" do "int", możliwa utrata danych
C:\Important shit\Raylib\game-premake-main\_build\SnakeHead.cpp(58,11): warning C4244: "argument": konwersja z "float" do "int", możliwa utrata danych
C:\Important shit\Raylib\game-premake-main\_build\SnakeHead.cpp(57,28): warning C4244: "argument": konwersja z "float" do "int", możliwa utrata danych
C:\Important shit\Raylib\game-premake-main\_build\SnakeHead.cpp(56,41): warning C4244: "argument": konwersja z "float" do "int", możliwa utrata danych
C:\Important shit\Raylib\game-premake-main\_build\SnakeHead.cpp(64,11): warning C4244: "argument": konwersja z "float" do "int", możliwa utrata danych
C:\Important shit\Raylib\game-premake-main\_build\SnakeHead.cpp(63,11): warning C4244: "argument": konwersja z "float" do "int", możliwa utrata danych
C:\Important shit\Raylib\game-premake-main\_build\SnakeHead.cpp(62,28): warning C4244: "argument": konwersja z "float" do "int", możliwa utrata danych
C:\Important shit\Raylib\game-premake-main\_build\SnakeHead.cpp(61,50): warning C4244: "argument": konwersja z "float" do "int", możliwa utrata danych
C:\Important shit\Raylib\game-premake-main\_build\SnakeHead.cpp(68,99): warning C4244: "argument": konwersja z "float" do "int", możliwa utrata danych
C:\Important shit\Raylib\game-premake-main\_build\SnakeHead.cpp(68,87): warning C4244: "argument": konwersja z "float" do "int", możliwa utrata danych
C:\Important shit\Raylib\game-premake-main\_build\SnakeHead.cpp(68,62): warning C4244: "argument": konwersja z "float" do "int", możliwa utrata danych
C:\Important shit\Raylib\game-premake-main\_build\SnakeHead.cpp(68,28): warning C4244: "argument": konwersja z "float" do "int", możliwa utrata danych
C:\Important shit\Raylib\game-premake-main\_build\SnakeHead.cpp(72,11): warning C4244: "argument": konwersja z "float" do "int", możliwa utrata danych
C:\Important shit\Raylib\game-premake-main\_build\SnakeHead.cpp(71,11): warning C4244: "argument": konwersja z "float" do "int", możliwa utrata danych
C:\Important shit\Raylib\game-premake-main\_build\SnakeHead.cpp(70,28): warning C4244: "argument": konwersja z "float" do "int", możliwa utrata danych
C:\Important shit\Raylib\game-premake-main\_build\SnakeHead.cpp(69,50): warning C4244: "argument": konwersja z "float" do "int", możliwa utrata danych
C:\Important shit\Raylib\game-premake-main\_build\SnakeHead.cpp(77,11): warning C4244: "argument": konwersja z "float" do "int", możliwa utrata danych
C:\Important shit\Raylib\game-premake-main\_build\SnakeHead.cpp(76,11): warning C4244: "argument": konwersja z "float" do "int", możliwa utrata danych
C:\Important shit\Raylib\game-premake-main\_build\SnakeHead.cpp(75,41): warning C4244: "argument": konwersja z "float" do "int", możliwa utrata danych
C:\Important shit\Raylib\game-premake-main\_build\SnakeHead.cpp(74,50): warning C4244: "argument": konwersja z "float" do "int", możliwa utrata danych
C:\Important shit\Raylib\game-premake-main\_build\SnakeHead.cpp(81,99): warning C4244: "argument": konwersja z "float" do "int", możliwa utrata danych
C:\Important shit\Raylib\game-premake-main\_build\SnakeHead.cpp(81,87): warning C4244: "argument": konwersja z "float" do "int", możliwa utrata danych
C:\Important shit\Raylib\game-premake-main\_build\SnakeHead.cpp(81,70): warning C4244: "argument": konwersja z "float" do "int", możliwa utrata danych
C:\Important shit\Raylib\game-premake-main\_build\SnakeHead.cpp(81,41): warning C4244: "argument": konwersja z "float" do "int", możliwa utrata danych
C:\Important shit\Raylib\game-premake-main\_build\SnakeHead.cpp(85,11): warning C4244: "argument": konwersja z "float" do "int", możliwa utrata danych
C:\Important shit\Raylib\game-premake-main\_build\SnakeHead.cpp(84,11): warning C4244: "argument": konwersja z "float" do "int", możliwa utrata danych
C:\Important shit\Raylib\game-premake-main\_build\SnakeHead.cpp(83,37): warning C4244: "argument": konwersja z "float" do "int", możliwa utrata danych
C:\Important shit\Raylib\game-premake-main\_build\SnakeHead.cpp(82,41): warning C4244: "argument": konwersja z "float" do "int", możliwa utrata danych
C:\Important shit\Raylib\game-premake-main\_build\SnakeHead.cpp(90,11): warning C4244: "argument": konwersja z "float" do "int", możliwa utrata danych
C:\Important shit\Raylib\game-premake-main\_build\SnakeHead.cpp(89,11): warning C4244: "argument": konwersja z "float" do "int", możliwa utrata danych
C:\Important shit\Raylib\game-premake-main\_build\SnakeHead.cpp(88,37): warning C4244: "argument": konwersja z "float" do "int", możliwa utrata danych
C:\Important shit\Raylib\game-premake-main\_build\SnakeHead.cpp(87,50): warning C4244: "argument": konwersja z "float" do "int", możliwa utrata danych
C:\Important shit\Raylib\game-premake-main\_build\SnakeHead.cpp(94,103): warning C4244: "argument": konwersja z "float" do "int", możliwa utrata danych
C:\Important shit\Raylib\game-premake-main\_build\SnakeHead.cpp(94,91): warning C4244: "argument": konwersja z "float" do "int", możliwa utrata danych
C:\Important shit\Raylib\game-premake-main\_build\SnakeHead.cpp(94,66): warning C4244: "argument": konwersja z "float" do "int", możliwa utrata danych
C:\Important shit\Raylib\game-premake-main\_build\SnakeHead.cpp(94,28): warning C4244: "argument": konwersja z "float" do "int", możliwa utrata danych
C:\Important shit\Raylib\game-premake-main\_build\SnakeHead.cpp(98,11): warning C4244: "argument": konwersja z "float" do "int", możliwa utrata danych
C:\Important shit\Raylib\game-premake-main\_build\SnakeHead.cpp(97,11): warning C4244: "argument": konwersja z "float" do "int", możliwa utrata danych
C:\Important shit\Raylib\game-premake-main\_build\SnakeHead.cpp(96,28): warning C4244: "argument": konwersja z "float" do "int", możliwa utrata danych
C:\Important shit\Raylib\game-premake-main\_build\SnakeHead.cpp(95,41): warning C4244: "argument": konwersja z "float" do "int", możliwa utrata danych
C:\Important shit\Raylib\game-premake-main\_build\SnakeHead.cpp(103,11): warning C4244: "argument": konwersja z "float" do "int", możliwa utrata danych
C:\Important shit\Raylib\game-premake-main\_build\SnakeHead.cpp(102,11): warning C4244: "argument": konwersja z "float" do "int", możliwa utrata danych
C:\Important shit\Raylib\game-premake-main\_build\SnakeHead.cpp(101,41): warning C4244: "argument": konwersja z "float" do "int", możliwa utrata danych
C:\Important shit\Raylib\game-premake-main\_build\SnakeHead.cpp(100,41): warning C4244: "argument": konwersja z "float" do "int", możliwa utrata danych
C:\Important shit\Raylib\game-premake-main\_build\SnakeHead.cpp(298,18): warning C4244: "=": konwersja z "int" do "float", możliwa utrata danych
C:\Important shit\Raylib\game-premake-main\_build\SnakeHead.cpp(306,18): warning C4244: "=": konwersja z "int" do "float", możliwa utrata danych
  game-premake-main.vcxproj -> C:\Important shit\Raylib\game-premake-main\_bin\Debug\game-premake-main.exe
